2025-09-02T12:46:08.689+05:30  INFO 11940 --- [customerSupportApp] [main] c.h.c.CustomerSupportAppApplicationTests : Starting CustomerSupportAppApplicationTests using Java 17.0.10 with PID 11940 (started by 2000153919 in C:\Users\2000153919.CORP\Downloads\customerSupportApp\customerSupportApp)
2025-09-02T12:46:08.690+05:30 DEBUG 11940 --- [customerSupportApp] [main] c.h.c.CustomerSupportAppApplicationTests : Running with Spring Boot v3.5.4, Spring v6.2.9
2025-09-02T12:46:08.691+05:30  INFO 11940 --- [customerSupportApp] [main] c.h.c.CustomerSupportAppApplicationTests : No active profile set, falling back to 1 default profile: "default"
2025-09-02T12:46:11.268+05:30  INFO 11940 --- [customerSupportApp] [main] .s.d.r.c.RepositoryConfigurationDelegate : Bootstrapping Spring Data JPA repositories in DEFAULT mode.
2025-09-02T12:46:11.434+05:30  INFO 11940 --- [customerSupportApp] [main] .s.d.r.c.RepositoryConfigurationDelegate : Finished Spring Data repository scanning in 142 ms. Found 3 JPA repository interfaces.
2025-09-02T12:46:13.392+05:30  INFO 11940 --- [customerSupportApp] [main] o.hibernate.jpa.internal.util.LogHelper  : HHH000204: Processing PersistenceUnitInfo [name: default]
2025-09-02T12:46:13.817+05:30  INFO 11940 --- [customerSupportApp] [main] org.hibernate.Version                    : HHH000412: Hibernate ORM core version 6.6.22.Final
2025-09-02T12:46:13.958+05:30  INFO 11940 --- [customerSupportApp] [main] o.h.c.internal.RegionFactoryInitiator    : HHH000026: Second-level cache disabled
2025-09-02T12:46:15.703+05:30  INFO 11940 --- [customerSupportApp] [main] o.s.o.j.p.SpringPersistenceUnitInfo      : No LoadTimeWeaver setup: ignoring JPA class transformer
2025-09-02T12:46:15.820+05:30  INFO 11940 --- [customerSupportApp] [main] com.zaxxer.hikari.HikariDataSource       : HikariPool-1 - Starting...
2025-09-02T12:46:18.137+05:30  INFO 11940 --- [customerSupportApp] [main] com.zaxxer.hikari.pool.HikariPool        : HikariPool-1 - Added connection org.postgresql.jdbc.PgConnection@734cf881
2025-09-02T12:46:18.138+05:30  INFO 11940 --- [customerSupportApp] [main] com.zaxxer.hikari.HikariDataSource       : HikariPool-1 - Start completed.
2025-09-02T12:46:18.968+05:30  WARN 11940 --- [customerSupportApp] [main] org.hibernate.orm.deprecation            : HHH90000025: PostgreSQLDialect does not need to be specified explicitly using 'hibernate.dialect' (remove the property setting and it will be selected by default)
2025-09-02T12:46:19.042+05:30  INFO 11940 --- [customerSupportApp] [main] org.hibernate.orm.connections.pooling    : HHH10001005: Database info:
	Database JDBC URL [Connecting through datasource 'HikariDataSource (HikariPool-1)']
	Database driver: undefined/unknown
	Database version: 15.2
	Autocommit mode: undefined/unknown
	Isolation level: undefined/unknown
	Minimum pool size: undefined/unknown
	Maximum pool size: undefined/unknown
2025-09-02T12:46:21.304+05:30  INFO 11940 --- [customerSupportApp] [main] o.h.e.t.j.p.i.JtaPlatformInitiator       : HHH000489: No JTA platform available (set 'hibernate.transaction.jta.platform' to enable JTA platform integration)
2025-09-02T12:46:23.973+05:30  INFO 11940 --- [customerSupportApp] [main] j.LocalContainerEntityManagerFactoryBean : Initialized JPA EntityManagerFactory for persistence unit 'default'
2025-09-02T12:46:24.899+05:30  INFO 11940 --- [customerSupportApp] [main] r$InitializeUserDetailsManagerConfigurer : Global AuthenticationManager configured with UserDetailsService bean with name customUserDetailsService
2025-09-02T12:46:25.204+05:30  WARN 11940 --- [customerSupportApp] [main] JpaBaseConfiguration$JpaWebConfiguration : spring.jpa.open-in-view is enabled by default. Therefore, database queries may be performed during view rendering. Explicitly configure spring.jpa.open-in-view to disable this warning
2025-09-02T12:46:26.838+05:30  INFO 11940 --- [customerSupportApp] [main] c.h.c.CustomerSupportAppApplicationTests : Started CustomerSupportAppApplicationTests in 19.079 seconds (process running for 22.277)
2025-09-02T12:46:28.090+05:30  INFO 11940 --- [customerSupportApp] [SpringApplicationShutdownHook] j.LocalContainerEntityManagerFactoryBean : Closing JPA EntityManagerFactory for persistence unit 'default'
2025-09-02T12:46:28.096+05:30  INFO 11940 --- [customerSupportApp] [SpringApplicationShutdownHook] com.zaxxer.hikari.HikariDataSource       : HikariPool-1 - Shutdown initiated...
2025-09-02T12:46:28.101+05:30  INFO 11940 --- [customerSupportApp] [SpringApplicationShutdownHook] com.zaxxer.hikari.HikariDataSource       : HikariPool-1 - Shutdown completed.
2025-09-02T12:46:43.723+05:30  INFO 16244 --- [customerSupportApp] [restartedMain] c.h.c.CustomerSupportAppApplication      : Starting CustomerSupportAppApplication using Java 17.0.10 with PID 16244 (C:\Users\2000153919.CORP\Downloads\customerSupportApp\customerSupportApp\target\classes started by 2000153919 in C:\Users\2000153919.CORP\Downloads\customerSupportApp\customerSupportApp)
2025-09-02T12:46:43.727+05:30 DEBUG 16244 --- [customerSupportApp] [restartedMain] c.h.c.CustomerSupportAppApplication      : Running with Spring Boot v3.5.4, Spring v6.2.9
2025-09-02T12:46:43.728+05:30  INFO 16244 --- [customerSupportApp] [restartedMain] c.h.c.CustomerSupportAppApplication      : No active profile set, falling back to 1 default profile: "default"
2025-09-02T12:46:43.784+05:30  INFO 16244 --- [customerSupportApp] [restartedMain] .e.DevToolsPropertyDefaultsPostProcessor : Devtools property defaults active! Set 'spring.devtools.add-properties' to 'false' to disable
2025-09-02T12:46:43.785+05:30  INFO 16244 --- [customerSupportApp] [restartedMain] .e.DevToolsPropertyDefaultsPostProcessor : For additional web related logging consider setting the 'logging.level.web' property to 'DEBUG'
2025-09-02T12:46:44.892+05:30  INFO 16244 --- [customerSupportApp] [restartedMain] .s.d.r.c.RepositoryConfigurationDelegate : Bootstrapping Spring Data JPA repositories in DEFAULT mode.
2025-09-02T12:46:44.968+05:30  INFO 16244 --- [customerSupportApp] [restartedMain] .s.d.r.c.RepositoryConfigurationDelegate : Finished Spring Data repository scanning in 67 ms. Found 3 JPA repository interfaces.
2025-09-02T12:46:46.448+05:30  INFO 16244 --- [customerSupportApp] [restartedMain] o.s.b.w.embedded.tomcat.TomcatWebServer  : Tomcat initialized with port 8080 (http)
2025-09-02T12:46:46.461+05:30  INFO 16244 --- [customerSupportApp] [restartedMain] o.apache.catalina.core.StandardService   : Starting service [Tomcat]
2025-09-02T12:46:46.461+05:30  INFO 16244 --- [customerSupportApp] [restartedMain] o.apache.catalina.core.StandardEngine    : Starting Servlet engine: [Apache Tomcat/10.1.43]
2025-09-02T12:46:46.530+05:30  INFO 16244 --- [customerSupportApp] [restartedMain] o.a.c.c.C.[Tomcat].[localhost].[/]       : Initializing Spring embedded WebApplicationContext
2025-09-02T12:46:46.531+05:30  INFO 16244 --- [customerSupportApp] [restartedMain] w.s.c.ServletWebServerApplicationContext : Root WebApplicationContext: initialization completed in 2745 ms
2025-09-02T12:46:46.703+05:30  INFO 16244 --- [customerSupportApp] [restartedMain] o.hibernate.jpa.internal.util.LogHelper  : HHH000204: Processing PersistenceUnitInfo [name: default]
2025-09-02T12:46:46.771+05:30  INFO 16244 --- [customerSupportApp] [restartedMain] org.hibernate.Version                    : HHH000412: Hibernate ORM core version 6.6.22.Final
2025-09-02T12:46:46.814+05:30  INFO 16244 --- [customerSupportApp] [restartedMain] o.h.c.internal.RegionFactoryInitiator    : HHH000026: Second-level cache disabled
2025-09-02T12:46:47.123+05:30  INFO 16244 --- [customerSupportApp] [restartedMain] o.s.o.j.p.SpringPersistenceUnitInfo      : No LoadTimeWeaver setup: ignoring JPA class transformer
2025-09-02T12:46:47.157+05:30  INFO 16244 --- [customerSupportApp] [restartedMain] com.zaxxer.hikari.HikariDataSource       : HikariPool-1 - Starting...
2025-09-02T12:46:47.397+05:30  INFO 16244 --- [customerSupportApp] [restartedMain] com.zaxxer.hikari.pool.HikariPool        : HikariPool-1 - Added connection org.postgresql.jdbc.PgConnection@6a31dcb0
2025-09-02T12:46:47.399+05:30  INFO 16244 --- [customerSupportApp] [restartedMain] com.zaxxer.hikari.HikariDataSource       : HikariPool-1 - Start completed.
2025-09-02T12:46:47.434+05:30  WARN 16244 --- [customerSupportApp] [restartedMain] org.hibernate.orm.deprecation            : HHH90000025: PostgreSQLDialect does not need to be specified explicitly using 'hibernate.dialect' (remove the property setting and it will be selected by default)
2025-09-02T12:46:47.458+05:30  INFO 16244 --- [customerSupportApp] [restartedMain] org.hibernate.orm.connections.pooling    : HHH10001005: Database info:
	Database JDBC URL [Connecting through datasource 'HikariDataSource (HikariPool-1)']
	Database driver: undefined/unknown
	Database version: 15.2
	Autocommit mode: undefined/unknown
	Isolation level: undefined/unknown
	Minimum pool size: undefined/unknown
	Maximum pool size: undefined/unknown
2025-09-02T12:46:48.460+05:30  INFO 16244 --- [customerSupportApp] [restartedMain] o.h.e.t.j.p.i.JtaPlatformInitiator       : HHH000489: No JTA platform available (set 'hibernate.transaction.jta.platform' to enable JTA platform integration)
2025-09-02T12:46:48.677+05:30  INFO 16244 --- [customerSupportApp] [restartedMain] j.LocalContainerEntityManagerFactoryBean : Initialized JPA EntityManagerFactory for persistence unit 'default'
2025-09-02T12:46:49.017+05:30 DEBUG 16244 --- [customerSupportApp] [restartedMain] c.h.c.security.JwtAuthFilter             : Filter 'jwtAuthFilter' configured for use
2025-09-02T12:46:49.080+05:30  INFO 16244 --- [customerSupportApp] [restartedMain] r$InitializeUserDetailsManagerConfigurer : Global AuthenticationManager configured with UserDetailsService bean with name customUserDetailsService
2025-09-02T12:46:49.276+05:30  WARN 16244 --- [customerSupportApp] [restartedMain] JpaBaseConfiguration$JpaWebConfiguration : spring.jpa.open-in-view is enabled by default. Therefore, database queries may be performed during view rendering. Explicitly configure spring.jpa.open-in-view to disable this warning
2025-09-02T12:46:50.175+05:30  INFO 16244 --- [customerSupportApp] [restartedMain] o.s.b.d.a.OptionalLiveReloadServer       : LiveReload server is running on port 35729
2025-09-02T12:46:50.235+05:30  INFO 16244 --- [customerSupportApp] [restartedMain] o.s.b.w.embedded.tomcat.TomcatWebServer  : Tomcat started on port 8080 (http) with context path '/'
2025-09-02T12:46:50.249+05:30  INFO 16244 --- [customerSupportApp] [restartedMain] c.h.c.CustomerSupportAppApplication      : Started CustomerSupportAppApplication in 7.063 seconds (process running for 7.611)
2025-09-02T12:51:17.553+05:30  INFO 16244 --- [customerSupportApp] [http-nio-8080-exec-1] o.a.c.c.C.[Tomcat].[localhost].[/]       : Initializing Spring DispatcherServlet 'dispatcherServlet'
2025-09-02T12:51:17.554+05:30  INFO 16244 --- [customerSupportApp] [http-nio-8080-exec-1] o.s.web.servlet.DispatcherServlet        : Initializing Servlet 'dispatcherServlet'
2025-09-02T12:51:17.555+05:30  INFO 16244 --- [customerSupportApp] [http-nio-8080-exec-1] o.s.web.servlet.DispatcherServlet        : Completed initialization in 1 ms
2025-09-02T12:51:18.267+05:30  INFO 16244 --- [customerSupportApp] [http-nio-8080-exec-9] o.springdoc.api.AbstractOpenApiResource  : Init duration for springdoc-openapi is: 389 ms
2025-09-02T12:54:25.362+05:30  INFO 16244 --- [customerSupportApp] [http-nio-8080-exec-8] c.h.c.service.TicketService              : Creating Ticket with title:System slowness
2025-09-02T12:54:25.362+05:30 DEBUG 16244 --- [customerSupportApp] [http-nio-8080-exec-8] c.h.c.service.TicketService              : Full Ticket request Payload:CreateTicketRequest[title=System slowness, description=need system upgrade, priority=MEDIUM]
